<?xml version="1.0" encoding="UTF-8"?>
<!-- Generated by org.testng.reporters.JUnitReportReporter -->
<testsuite skipped="30" hostname="DESKTOP-FUIS2AN" name="com.PS.tests.SalesAddNewTest" tests="31" failures="0" timestamp="2020-05-22T15:08:05 IST" time="306.198" errors="1">
  <testcase name="addNewSalesInvoiceRelation" time="0.000" classname="com.PS.tests.SalesAddNewTest">
    <skipped/>
  </testcase> <!-- addNewSalesInvoiceRelation -->
  <testcase name="setup" time="306.198" classname="com.PS.tests.SalesAddNewTest">
    <error type="org.openqa.selenium.TimeoutException" message="timeout: Timed out receiving message from renderer: -0.001
  (Session info: chrome=81.0.4044.138)
Build info: version: &#039;3.141.59&#039;, revision: &#039;e82be7d358&#039;, time: &#039;2018-11-14T08:25:53&#039;
System info: host: &#039;DESKTOP-FUIS2AN&#039;, ip: &#039;192.168.43.56&#039;, os.name: &#039;Windows 10&#039;, os.arch: &#039;amd64&#039;, os.version: &#039;10.0&#039;, java.version: &#039;1.8.0_66&#039;
Driver info: org.openqa.selenium.chrome.ChromeDriver
Capabilities {acceptInsecureCerts: false, browserName: chrome, browserVersion: 81.0.4044.138, chrome: {chromedriverVersion: 80.0.3987.16 (320f6526c1632..., userDataDir: C:\Users\Admin\AppData\Loca...}, goog:chromeOptions: {debuggerAddress: localhost:61094}, javascriptEnabled: true, networkConnectionEnabled: false, pageLoadStrategy: normal, platform: WINDOWS, platformName: WINDOWS, proxy: Proxy(), setWindowRect: true, strictFileInteractability: false, timeouts: {implicit: 0, pageLoad: 300000, script: 30000}, unhandledPromptBehavior: dismiss and notify}
Session ID: 73baa5db8dbf54795bbf45a67fccc23c">
      <![CDATA[org.openqa.selenium.TimeoutException: timeout: Timed out receiving message from renderer: -0.001
  (Session info: chrome=81.0.4044.138)
Build info: version: '3.141.59', revision: 'e82be7d358', time: '2018-11-14T08:25:53'
System info: host: 'DESKTOP-FUIS2AN', ip: '192.168.43.56', os.name: 'Windows 10', os.arch: 'amd64', os.version: '10.0', java.version: '1.8.0_66'
Driver info: org.openqa.selenium.chrome.ChromeDriver
Capabilities {acceptInsecureCerts: false, browserName: chrome, browserVersion: 81.0.4044.138, chrome: {chromedriverVersion: 80.0.3987.16 (320f6526c1632..., userDataDir: C:\Users\Admin\AppData\Loca...}, goog:chromeOptions: {debuggerAddress: localhost:61094}, javascriptEnabled: true, networkConnectionEnabled: false, pageLoadStrategy: normal, platform: WINDOWS, platformName: WINDOWS, proxy: Proxy(), setWindowRect: true, strictFileInteractability: false, timeouts: {implicit: 0, pageLoad: 300000, script: 30000}, unhandledPromptBehavior: dismiss and notify}
Session ID: 73baa5db8dbf54795bbf45a67fccc23c
at sun.reflect.NativeConstructorAccessorImpl.newInstance0(Native Method)
at sun.reflect.NativeConstructorAccessorImpl.newInstance(Unknown Source)
at sun.reflect.DelegatingConstructorAccessorImpl.newInstance(Unknown Source)
at java.lang.reflect.Constructor.newInstance(Unknown Source)
at org.openqa.selenium.remote.http.W3CHttpResponseCodec.createException(W3CHttpResponseCodec.java:187)
at org.openqa.selenium.remote.http.W3CHttpResponseCodec.decode(W3CHttpResponseCodec.java:122)
at org.openqa.selenium.remote.http.W3CHttpResponseCodec.decode(W3CHttpResponseCodec.java:49)
at org.openqa.selenium.remote.HttpCommandExecutor.execute(HttpCommandExecutor.java:158)
at org.openqa.selenium.remote.service.DriverCommandExecutor.execute(DriverCommandExecutor.java:83)
at org.openqa.selenium.remote.RemoteWebDriver.execute(RemoteWebDriver.java:552)
at org.openqa.selenium.remote.RemoteWebDriver.get(RemoteWebDriver.java:277)
at com.PS.base.Base.driverInitilization(Base.java:98)
at com.PS.base.Base.setup(Base.java:208)
at sun.reflect.NativeMethodAccessorImpl.invoke0(Native Method)
at sun.reflect.NativeMethodAccessorImpl.invoke(Unknown Source)
at sun.reflect.DelegatingMethodAccessorImpl.invoke(Unknown Source)
at java.lang.reflect.Method.invoke(Unknown Source)
at org.testng.internal.MethodInvocationHelper.invokeMethod(MethodInvocationHelper.java:133)
at org.testng.internal.MethodInvocationHelper.invokeMethodConsideringTimeout(MethodInvocationHelper.java:62)
at org.testng.internal.ConfigInvoker.invokeConfigurationMethod(ConfigInvoker.java:340)
at org.testng.internal.ConfigInvoker.invokeConfigurations(ConfigInvoker.java:294)
at org.testng.internal.TestInvoker.runConfigMethods(TestInvoker.java:683)
at org.testng.internal.TestInvoker.invokeMethod(TestInvoker.java:510)
at org.testng.internal.TestInvoker.invokeTestMethod(TestInvoker.java:172)
at org.testng.internal.MethodRunner.runInSequence(MethodRunner.java:46)
at org.testng.internal.TestInvoker$MethodInvocationAgent.invoke(TestInvoker.java:804)
at org.testng.internal.TestInvoker.invokeTestMethods(TestInvoker.java:145)
at org.testng.internal.TestMethodWorker.invokeTestMethods(TestMethodWorker.java:146)
at org.testng.internal.TestMethodWorker.run(TestMethodWorker.java:128)
at java.util.ArrayList.forEach(Unknown Source)
at org.testng.TestRunner.privateRun(TestRunner.java:770)
at org.testng.TestRunner.run(TestRunner.java:591)
at org.testng.SuiteRunner.runTest(SuiteRunner.java:402)
at org.testng.SuiteRunner.runSequentially(SuiteRunner.java:396)
at org.testng.SuiteRunner.privateRun(SuiteRunner.java:355)
at org.testng.SuiteRunner.run(SuiteRunner.java:304)
at org.testng.SuiteRunnerWorker.runSuite(SuiteRunnerWorker.java:53)
at org.testng.SuiteRunnerWorker.run(SuiteRunnerWorker.java:96)
at org.testng.TestNG.runSuitesSequentially(TestNG.java:1180)
at org.testng.TestNG.runSuitesLocally(TestNG.java:1102)
at org.testng.TestNG.runSuites(TestNG.java:1032)
at org.testng.TestNG.run(TestNG.java:1000)
at org.testng.remote.AbstractRemoteTestNG.run(AbstractRemoteTestNG.java:115)
at org.testng.remote.RemoteTestNG.initAndRun(RemoteTestNG.java:251)
at org.testng.remote.RemoteTestNG.main(RemoteTestNG.java:77)
]]>
    </error>
  </testcase> <!-- setup -->
  <testcase name="addNewSalesOrderUOM" time="0.000" classname="com.PS.tests.SalesAddNewTest">
    <skipped/>
  </testcase> <!-- addNewSalesOrderUOM -->
  <testcase name="addNewCreditMemoUOM" classname="com.PS.tests.SalesAddNewTest">
    <skipped/>
  </testcase> <!-- addNewCreditMemoUOM -->
  <testcase name="addNewCreditMemoRelation" classname="com.PS.tests.SalesAddNewTest">
    <skipped/>
  </testcase> <!-- addNewCreditMemoRelation -->
  <testcase name="addNewSalesInvoiceCustomer" classname="com.PS.tests.SalesAddNewTest">
    <skipped/>
  </testcase> <!-- addNewSalesInvoiceCustomer -->
  <testcase name="addNewSalesQuoteBilling" classname="com.PS.tests.SalesAddNewTest">
    <skipped/>
  </testcase> <!-- addNewSalesQuoteBilling -->
  <testcase name="addNewSSalesOrderRelation" classname="com.PS.tests.SalesAddNewTest">
    <skipped/>
  </testcase> <!-- addNewSSalesOrderRelation -->
  <testcase name="addNewSalesInvoiceBilling" classname="com.PS.tests.SalesAddNewTest">
    <skipped/>
  </testcase> <!-- addNewSalesInvoiceBilling -->
  <testcase name="addNewSalesQuoteRelation" classname="com.PS.tests.SalesAddNewTest">
    <skipped/>
  </testcase> <!-- addNewSalesQuoteRelation -->
  <testcase name="addNewCreditMemoCustomer" classname="com.PS.tests.SalesAddNewTest">
    <skipped/>
  </testcase> <!-- addNewCreditMemoCustomer -->
  <testcase name="addNewSalesOrderCustomer" classname="com.PS.tests.SalesAddNewTest">
    <skipped/>
  </testcase> <!-- addNewSalesOrderCustomer -->
  <testcase name="addNewCreditMemoTax" classname="com.PS.tests.SalesAddNewTest">
    <skipped/>
  </testcase> <!-- addNewCreditMemoTax -->
  <testcase name="addNewSalesOrderExpense" classname="com.PS.tests.SalesAddNewTest">
    <skipped/>
  </testcase> <!-- addNewSalesOrderExpense -->
  <testcase name="addNewSalesOrderShipping" classname="com.PS.tests.SalesAddNewTest">
    <skipped/>
  </testcase> <!-- addNewSalesOrderShipping -->
  <testcase name="addNewSalesInvoiceTax" classname="com.PS.tests.SalesAddNewTest">
    <skipped/>
  </testcase> <!-- addNewSalesInvoiceTax -->
  <testcase name="addNewSalesOrderProduct" classname="com.PS.tests.SalesAddNewTest">
    <skipped/>
  </testcase> <!-- addNewSalesOrderProduct -->
  <testcase name="addNewSalesInvoiceUOM" classname="com.PS.tests.SalesAddNewTest">
    <skipped/>
  </testcase> <!-- addNewSalesInvoiceUOM -->
  <testcase name="addNewSalesInvoiceProduct" classname="com.PS.tests.SalesAddNewTest">
    <skipped/>
  </testcase> <!-- addNewSalesInvoiceProduct -->
  <testcase name="addNewSalesInvoicePaymentTerm" classname="com.PS.tests.SalesAddNewTest">
    <skipped/>
  </testcase> <!-- addNewSalesInvoicePaymentTerm -->
  <testcase name="addNewSalesQuoteProduct" classname="com.PS.tests.SalesAddNewTest">
    <skipped/>
  </testcase> <!-- addNewSalesQuoteProduct -->
  <testcase name="addNewSalesQuoteUOM" classname="com.PS.tests.SalesAddNewTest">
    <skipped/>
  </testcase> <!-- addNewSalesQuoteUOM -->
  <testcase name="addNewSalesInvoiceShipping" classname="com.PS.tests.SalesAddNewTest">
    <skipped/>
  </testcase> <!-- addNewSalesInvoiceShipping -->
  <testcase name="addNewSalesOrderPaymentTerm" classname="com.PS.tests.SalesAddNewTest">
    <skipped/>
  </testcase> <!-- addNewSalesOrderPaymentTerm -->
  <testcase name="addNewSalesInvoiceExpense" classname="com.PS.tests.SalesAddNewTest">
    <skipped/>
  </testcase> <!-- addNewSalesInvoiceExpense -->
  <testcase name="addNewSalesQuoteTax" classname="com.PS.tests.SalesAddNewTest">
    <skipped/>
  </testcase> <!-- addNewSalesQuoteTax -->
  <testcase name="addNewCreditMemoProduct" classname="com.PS.tests.SalesAddNewTest">
    <skipped/>
  </testcase> <!-- addNewCreditMemoProduct -->
  <testcase name="addNewSalesOrderBilling" classname="com.PS.tests.SalesAddNewTest">
    <skipped/>
  </testcase> <!-- addNewSalesOrderBilling -->
  <testcase name="addNewCreditMemoBilling" classname="com.PS.tests.SalesAddNewTest">
    <skipped/>
  </testcase> <!-- addNewCreditMemoBilling -->
  <testcase name="addNewSalesQuoteCustomer" classname="com.PS.tests.SalesAddNewTest">
    <skipped/>
  </testcase> <!-- addNewSalesQuoteCustomer -->
  <testcase name="addNewSalesOrderTax" classname="com.PS.tests.SalesAddNewTest">
    <skipped/>
  </testcase> <!-- addNewSalesOrderTax -->
</testsuite> <!-- com.PS.tests.SalesAddNewTest -->
