<<<<<<< HEAD
<?xml version="1.0" encoding="UTF-8"?>
<!-- Generated by org.testng.reporters.JUnitReportReporter -->
<testsuite skipped="20" hostname="DESKTOP-FUIS2AN" name="com.PS.tests.CustomerDetailsTest" tests="21" failures="0" timestamp="2020-05-18T19:46:40 IST" time="8.273" errors="1">
  <testcase name="setup" time="8.273" classname="com.PS.tests.CustomerDetailsTest">
=======
<?xml version="1.0" encoding="UTF-8"?>
<!-- Generated by org.testng.reporters.JUnitReportReporter -->
<testsuite skipped="20" hostname="DESKTOP-FUIS2AN" name="com.PS.tests.CustomerDetailsTest" tests="21" failures="0" timestamp="2020-05-18T19:46:40 IST" time="8.273" errors="1">
  <testcase name="setup" time="8.273" classname="com.PS.tests.CustomerDetailsTest">
>>>>>>> 7856ad89e56d152424925bfc01b2d7f19ea61bdd
    <error type="org.openqa.selenium.WebDriverException" message="unknown error: cannot determine loading status
from disconnected: received Inspector.detached event
  (Session info: chrome=81.0.4044.138)
Build info: version: &#039;3.141.59&#039;, revision: &#039;e82be7d358&#039;, time: &#039;2018-11-14T08:25:53&#039;
System info: host: &#039;DESKTOP-FUIS2AN&#039;, ip: &#039;192.168.43.56&#039;, os.name: &#039;Windows 10&#039;, os.arch: &#039;amd64&#039;, os.version: &#039;10.0&#039;, java.version: &#039;1.8.0_66&#039;
Driver info: org.openqa.selenium.chrome.ChromeDriver
Capabilities {acceptInsecureCerts: false, browserName: chrome, browserVersion: 81.0.4044.138, chrome: {chromedriverVersion: 80.0.3987.16 (320f6526c1632..., userDataDir: C:\Users\Admin\AppData\Loca...}, goog:chromeOptions: {debuggerAddress: localhost:64332}, javascriptEnabled: true, networkConnectionEnabled: false, pageLoadStrategy: normal, platform: WINDOWS, platformName: WINDOWS, proxy: Proxy(), setWindowRect: true, strictFileInteractability: false, timeouts: {implicit: 0, pageLoad: 300000, script: 30000}, unhandledPromptBehavior: dismiss and notify}
<<<<<<< HEAD
Session ID: 23199f96f75c737cc105c2d1912c4862">
=======
Session ID: 23199f96f75c737cc105c2d1912c4862">
>>>>>>> 7856ad89e56d152424925bfc01b2d7f19ea61bdd
      <![CDATA[org.openqa.selenium.WebDriverException: unknown error: cannot determine loading status
from disconnected: received Inspector.detached event
  (Session info: chrome=81.0.4044.138)
Build info: version: '3.141.59', revision: 'e82be7d358', time: '2018-11-14T08:25:53'
System info: host: 'DESKTOP-FUIS2AN', ip: '192.168.43.56', os.name: 'Windows 10', os.arch: 'amd64', os.version: '10.0', java.version: '1.8.0_66'
Driver info: org.openqa.selenium.chrome.ChromeDriver
Capabilities {acceptInsecureCerts: false, browserName: chrome, browserVersion: 81.0.4044.138, chrome: {chromedriverVersion: 80.0.3987.16 (320f6526c1632..., userDataDir: C:\Users\Admin\AppData\Loca...}, goog:chromeOptions: {debuggerAddress: localhost:64332}, javascriptEnabled: true, networkConnectionEnabled: false, pageLoadStrategy: normal, platform: WINDOWS, platformName: WINDOWS, proxy: Proxy(), setWindowRect: true, strictFileInteractability: false, timeouts: {implicit: 0, pageLoad: 300000, script: 30000}, unhandledPromptBehavior: dismiss and notify}
<<<<<<< HEAD
Session ID: 23199f96f75c737cc105c2d1912c4862
at sun.reflect.NativeConstructorAccessorImpl.newInstance0(Native Method)
at sun.reflect.NativeConstructorAccessorImpl.newInstance(Unknown Source)
at sun.reflect.DelegatingConstructorAccessorImpl.newInstance(Unknown Source)
at java.lang.reflect.Constructor.newInstance(Unknown Source)
at org.openqa.selenium.remote.http.W3CHttpResponseCodec.createException(W3CHttpResponseCodec.java:187)
at org.openqa.selenium.remote.http.W3CHttpResponseCodec.decode(W3CHttpResponseCodec.java:122)
at org.openqa.selenium.remote.http.W3CHttpResponseCodec.decode(W3CHttpResponseCodec.java:49)
at org.openqa.selenium.remote.HttpCommandExecutor.execute(HttpCommandExecutor.java:158)
at org.openqa.selenium.remote.service.DriverCommandExecutor.execute(DriverCommandExecutor.java:83)
at org.openqa.selenium.remote.RemoteWebDriver.execute(RemoteWebDriver.java:552)
at org.openqa.selenium.remote.RemoteWebDriver.get(RemoteWebDriver.java:277)
at com.PS.base.Base.driverInitilization(Base.java:121)
at com.PS.base.Base.setup(Base.java:260)
at sun.reflect.NativeMethodAccessorImpl.invoke0(Native Method)
at sun.reflect.NativeMethodAccessorImpl.invoke(Unknown Source)
at sun.reflect.DelegatingMethodAccessorImpl.invoke(Unknown Source)
at java.lang.reflect.Method.invoke(Unknown Source)
at org.testng.internal.MethodInvocationHelper.invokeMethod(MethodInvocationHelper.java:133)
at org.testng.internal.MethodInvocationHelper.invokeMethodConsideringTimeout(MethodInvocationHelper.java:62)
at org.testng.internal.ConfigInvoker.invokeConfigurationMethod(ConfigInvoker.java:340)
at org.testng.internal.ConfigInvoker.invokeConfigurations(ConfigInvoker.java:294)
at org.testng.internal.TestInvoker.runConfigMethods(TestInvoker.java:683)
at org.testng.internal.TestInvoker.invokeMethod(TestInvoker.java:510)
at org.testng.internal.TestInvoker.invokeTestMethod(TestInvoker.java:172)
at org.testng.internal.MethodRunner.runInSequence(MethodRunner.java:46)
at org.testng.internal.TestInvoker$MethodInvocationAgent.invoke(TestInvoker.java:804)
at org.testng.internal.TestInvoker.invokeTestMethods(TestInvoker.java:145)
at org.testng.internal.TestMethodWorker.invokeTestMethods(TestMethodWorker.java:146)
at org.testng.internal.TestMethodWorker.run(TestMethodWorker.java:128)
at java.util.ArrayList.forEach(Unknown Source)
at org.testng.TestRunner.privateRun(TestRunner.java:770)
at org.testng.TestRunner.run(TestRunner.java:591)
at org.testng.SuiteRunner.runTest(SuiteRunner.java:402)
at org.testng.SuiteRunner.runSequentially(SuiteRunner.java:396)
at org.testng.SuiteRunner.privateRun(SuiteRunner.java:355)
at org.testng.SuiteRunner.run(SuiteRunner.java:304)
at org.testng.SuiteRunnerWorker.runSuite(SuiteRunnerWorker.java:53)
at org.testng.SuiteRunnerWorker.run(SuiteRunnerWorker.java:96)
at org.testng.TestNG.runSuitesSequentially(TestNG.java:1180)
at org.testng.TestNG.runSuitesLocally(TestNG.java:1102)
at org.testng.TestNG.runSuites(TestNG.java:1032)
at org.testng.TestNG.run(TestNG.java:1000)
at org.testng.remote.AbstractRemoteTestNG.run(AbstractRemoteTestNG.java:115)
at org.testng.remote.RemoteTestNG.initAndRun(RemoteTestNG.java:251)
at org.testng.remote.RemoteTestNG.main(RemoteTestNG.java:77)
]]>
    </error>
  </testcase> <!-- setup -->
  <testcase name="TransactionAllValidation" time="0.000" classname="com.PS.tests.CustomerDetailsTest">
    <skipped/>
  </testcase> <!-- TransactionAllValidation -->
  <testcase name="TransactionSalesOrderValidation" time="0.000" classname="com.PS.tests.CustomerDetailsTest">
    <skipped/>
  </testcase> <!-- TransactionSalesOrderValidation -->
  <testcase name="TransactionCreditMemoValidation" time="0.000" classname="com.PS.tests.CustomerDetailsTest">
    <skipped/>
  </testcase> <!-- TransactionCreditMemoValidation -->
  <testcase name="TransactionPaymentValidation" time="0.000" classname="com.PS.tests.CustomerDetailsTest">
    <skipped/>
  </testcase> <!-- TransactionPaymentValidation -->
  <testcase name="ExcelDownloadValidation" time="0.000" classname="com.PS.tests.CustomerDetailsTest">
    <skipped/>
  </testcase> <!-- ExcelDownloadValidation -->
  <testcase name="PdfDownloadValidation" time="0.000" classname="com.PS.tests.CustomerDetailsTest">
    <skipped/>
  </testcase> <!-- PdfDownloadValidation -->
  <testcase name="CustomerDelete1" classname="com.PS.tests.CustomerDetailsTest">
    <skipped/>
  </testcase> <!-- CustomerDelete1 -->
  <testcase name="CustomerDelete2" classname="com.PS.tests.CustomerDetailsTest">
    <skipped/>
  </testcase> <!-- CustomerDelete2 -->
  <testcase name="CreateCustomerNegative" classname="com.PS.tests.CustomerDetailsTest">
    <skipped/>
  </testcase> <!-- CreateCustomerNegative -->
  <testcase name="CreateCustomer" classname="com.PS.tests.CustomerDetailsTest">
    <skipped/>
  </testcase> <!-- CreateCustomer -->
  <testcase name="UploadCustomer" classname="com.PS.tests.CustomerDetailsTest">
    <skipped/>
  </testcase> <!-- UploadCustomer -->
  <testcase name="CustomerLogActivity" classname="com.PS.tests.CustomerDetailsTest">
    <skipped/>
  </testcase> <!-- CustomerLogActivity -->
  <testcase name="CustomerCreditMemo" classname="com.PS.tests.CustomerDetailsTest">
    <skipped/>
  </testcase> <!-- CustomerCreditMemo -->
  <testcase name="UpdateCustomer" classname="com.PS.tests.CustomerDetailsTest">
    <skipped/>
  </testcase> <!-- UpdateCustomer -->
  <testcase name="CustomerLogCommunication" classname="com.PS.tests.CustomerDetailsTest">
    <skipped/>
  </testcase> <!-- CustomerLogCommunication -->
  <testcase name="ShowContactValidation" classname="com.PS.tests.CustomerDetailsTest">
    <skipped/>
  </testcase> <!-- ShowContactValidation -->
  <testcase name="CustomerSalesOrder" classname="com.PS.tests.CustomerDetailsTest">
    <skipped/>
  </testcase> <!-- CustomerSalesOrder -->
  <testcase name="ShowAddrerssValidation" classname="com.PS.tests.CustomerDetailsTest">
    <skipped/>
  </testcase> <!-- ShowAddrerssValidation -->
  <testcase name="searchCustomer" classname="com.PS.tests.CustomerDetailsTest">
    <skipped/>
  </testcase> <!-- searchCustomer -->
  <testcase name="CustomerSalesInvoice" classname="com.PS.tests.CustomerDetailsTest">
    <skipped/>
  </testcase> <!-- CustomerSalesInvoice -->
</testsuite> <!-- com.PS.tests.CustomerDetailsTest -->
=======
Session ID: 23199f96f75c737cc105c2d1912c4862
at sun.reflect.NativeConstructorAccessorImpl.newInstance0(Native Method)
at sun.reflect.NativeConstructorAccessorImpl.newInstance(Unknown Source)
at sun.reflect.DelegatingConstructorAccessorImpl.newInstance(Unknown Source)
at java.lang.reflect.Constructor.newInstance(Unknown Source)
at org.openqa.selenium.remote.http.W3CHttpResponseCodec.createException(W3CHttpResponseCodec.java:187)
at org.openqa.selenium.remote.http.W3CHttpResponseCodec.decode(W3CHttpResponseCodec.java:122)
at org.openqa.selenium.remote.http.W3CHttpResponseCodec.decode(W3CHttpResponseCodec.java:49)
at org.openqa.selenium.remote.HttpCommandExecutor.execute(HttpCommandExecutor.java:158)
at org.openqa.selenium.remote.service.DriverCommandExecutor.execute(DriverCommandExecutor.java:83)
at org.openqa.selenium.remote.RemoteWebDriver.execute(RemoteWebDriver.java:552)
at org.openqa.selenium.remote.RemoteWebDriver.get(RemoteWebDriver.java:277)
at com.PS.base.Base.driverInitilization(Base.java:121)
at com.PS.base.Base.setup(Base.java:260)
at sun.reflect.NativeMethodAccessorImpl.invoke0(Native Method)
at sun.reflect.NativeMethodAccessorImpl.invoke(Unknown Source)
at sun.reflect.DelegatingMethodAccessorImpl.invoke(Unknown Source)
at java.lang.reflect.Method.invoke(Unknown Source)
at org.testng.internal.MethodInvocationHelper.invokeMethod(MethodInvocationHelper.java:133)
at org.testng.internal.MethodInvocationHelper.invokeMethodConsideringTimeout(MethodInvocationHelper.java:62)
at org.testng.internal.ConfigInvoker.invokeConfigurationMethod(ConfigInvoker.java:340)
at org.testng.internal.ConfigInvoker.invokeConfigurations(ConfigInvoker.java:294)
at org.testng.internal.TestInvoker.runConfigMethods(TestInvoker.java:683)
at org.testng.internal.TestInvoker.invokeMethod(TestInvoker.java:510)
at org.testng.internal.TestInvoker.invokeTestMethod(TestInvoker.java:172)
at org.testng.internal.MethodRunner.runInSequence(MethodRunner.java:46)
at org.testng.internal.TestInvoker$MethodInvocationAgent.invoke(TestInvoker.java:804)
at org.testng.internal.TestInvoker.invokeTestMethods(TestInvoker.java:145)
at org.testng.internal.TestMethodWorker.invokeTestMethods(TestMethodWorker.java:146)
at org.testng.internal.TestMethodWorker.run(TestMethodWorker.java:128)
at java.util.ArrayList.forEach(Unknown Source)
at org.testng.TestRunner.privateRun(TestRunner.java:770)
at org.testng.TestRunner.run(TestRunner.java:591)
at org.testng.SuiteRunner.runTest(SuiteRunner.java:402)
at org.testng.SuiteRunner.runSequentially(SuiteRunner.java:396)
at org.testng.SuiteRunner.privateRun(SuiteRunner.java:355)
at org.testng.SuiteRunner.run(SuiteRunner.java:304)
at org.testng.SuiteRunnerWorker.runSuite(SuiteRunnerWorker.java:53)
at org.testng.SuiteRunnerWorker.run(SuiteRunnerWorker.java:96)
at org.testng.TestNG.runSuitesSequentially(TestNG.java:1180)
at org.testng.TestNG.runSuitesLocally(TestNG.java:1102)
at org.testng.TestNG.runSuites(TestNG.java:1032)
at org.testng.TestNG.run(TestNG.java:1000)
at org.testng.remote.AbstractRemoteTestNG.run(AbstractRemoteTestNG.java:115)
at org.testng.remote.RemoteTestNG.initAndRun(RemoteTestNG.java:251)
at org.testng.remote.RemoteTestNG.main(RemoteTestNG.java:77)
]]>
    </error>
  </testcase> <!-- setup -->
  <testcase name="TransactionAllValidation" time="0.000" classname="com.PS.tests.CustomerDetailsTest">
    <skipped/>
  </testcase> <!-- TransactionAllValidation -->
  <testcase name="TransactionSalesOrderValidation" time="0.000" classname="com.PS.tests.CustomerDetailsTest">
    <skipped/>
  </testcase> <!-- TransactionSalesOrderValidation -->
  <testcase name="TransactionCreditMemoValidation" time="0.000" classname="com.PS.tests.CustomerDetailsTest">
    <skipped/>
  </testcase> <!-- TransactionCreditMemoValidation -->
  <testcase name="TransactionPaymentValidation" time="0.000" classname="com.PS.tests.CustomerDetailsTest">
    <skipped/>
  </testcase> <!-- TransactionPaymentValidation -->
  <testcase name="ExcelDownloadValidation" time="0.000" classname="com.PS.tests.CustomerDetailsTest">
    <skipped/>
  </testcase> <!-- ExcelDownloadValidation -->
  <testcase name="PdfDownloadValidation" time="0.000" classname="com.PS.tests.CustomerDetailsTest">
    <skipped/>
  </testcase> <!-- PdfDownloadValidation -->
  <testcase name="CustomerDelete1" classname="com.PS.tests.CustomerDetailsTest">
    <skipped/>
  </testcase> <!-- CustomerDelete1 -->
  <testcase name="CustomerDelete2" classname="com.PS.tests.CustomerDetailsTest">
    <skipped/>
  </testcase> <!-- CustomerDelete2 -->
  <testcase name="CreateCustomerNegative" classname="com.PS.tests.CustomerDetailsTest">
    <skipped/>
  </testcase> <!-- CreateCustomerNegative -->
  <testcase name="CreateCustomer" classname="com.PS.tests.CustomerDetailsTest">
    <skipped/>
  </testcase> <!-- CreateCustomer -->
  <testcase name="UploadCustomer" classname="com.PS.tests.CustomerDetailsTest">
    <skipped/>
  </testcase> <!-- UploadCustomer -->
  <testcase name="CustomerLogActivity" classname="com.PS.tests.CustomerDetailsTest">
    <skipped/>
  </testcase> <!-- CustomerLogActivity -->
  <testcase name="CustomerCreditMemo" classname="com.PS.tests.CustomerDetailsTest">
    <skipped/>
  </testcase> <!-- CustomerCreditMemo -->
  <testcase name="UpdateCustomer" classname="com.PS.tests.CustomerDetailsTest">
    <skipped/>
  </testcase> <!-- UpdateCustomer -->
  <testcase name="CustomerLogCommunication" classname="com.PS.tests.CustomerDetailsTest">
    <skipped/>
  </testcase> <!-- CustomerLogCommunication -->
  <testcase name="ShowContactValidation" classname="com.PS.tests.CustomerDetailsTest">
    <skipped/>
  </testcase> <!-- ShowContactValidation -->
  <testcase name="CustomerSalesOrder" classname="com.PS.tests.CustomerDetailsTest">
    <skipped/>
  </testcase> <!-- CustomerSalesOrder -->
  <testcase name="ShowAddrerssValidation" classname="com.PS.tests.CustomerDetailsTest">
    <skipped/>
  </testcase> <!-- ShowAddrerssValidation -->
  <testcase name="searchCustomer" classname="com.PS.tests.CustomerDetailsTest">
    <skipped/>
  </testcase> <!-- searchCustomer -->
  <testcase name="CustomerSalesInvoice" classname="com.PS.tests.CustomerDetailsTest">
    <skipped/>
  </testcase> <!-- CustomerSalesInvoice -->
</testsuite> <!-- com.PS.tests.CustomerDetailsTest -->
>>>>>>> 7856ad89e56d152424925bfc01b2d7f19ea61bdd
