<?xml version="1.0" encoding="UTF-8"?>
<!-- Generated by org.testng.reporters.JUnitReportReporter -->
<testsuite skipped="1" hostname="DESKTOP-FUIS2AN" name="com.PS.FinanceTest.JournalsTest" tests="3" failures="0" timestamp="2020-06-16T11:50:03 IST" time="46.326" errors="2">
  <testcase name="sendEmailReport" time="32.154" classname="com.PS.FinanceTest.JournalsTest">
    <error type="java.lang.RuntimeException" message="com.sun.mail.smtp.SMTPSendFailedException: 552-5.7.0 This message was blocked because its content presents a potential
552-5.7.0 security issue. Please visit
552-5.7.0  https://support.google.com/mail/?p=BlockedMessage to review our
552 5.7.0 message content and attachment content guidelines. 4sm15696492pfn.205 - gsmtp
">
      <![CDATA[java.lang.RuntimeException: com.sun.mail.smtp.SMTPSendFailedException: 552-5.7.0 This message was blocked because its content presents a potential
552-5.7.0 security issue. Please visit
552-5.7.0  https://support.google.com/mail/?p=BlockedMessage to review our
552 5.7.0 message content and attachment content guidelines. 4sm15696492pfn.205 - gsmtp

at com.PS.base.Base.SendMailSSLWithAttachment(Base.java:333)
at com.PS.base.Base.sendEmailReport(Base.java:352)
at sun.reflect.NativeMethodAccessorImpl.invoke0(Native Method)
at sun.reflect.NativeMethodAccessorImpl.invoke(Unknown Source)
at sun.reflect.DelegatingMethodAccessorImpl.invoke(Unknown Source)
at java.lang.reflect.Method.invoke(Unknown Source)
at org.testng.internal.MethodInvocationHelper.invokeMethod(MethodInvocationHelper.java:133)
at org.testng.internal.MethodInvocationHelper.invokeMethodConsideringTimeout(MethodInvocationHelper.java:62)
at org.testng.internal.ConfigInvoker.invokeConfigurationMethod(ConfigInvoker.java:340)
at org.testng.internal.ConfigInvoker.invokeConfigurations(ConfigInvoker.java:294)
at org.testng.SuiteRunner.privateRun(SuiteRunner.java:369)
at org.testng.SuiteRunner.run(SuiteRunner.java:304)
at org.testng.SuiteRunnerWorker.runSuite(SuiteRunnerWorker.java:53)
at org.testng.SuiteRunnerWorker.run(SuiteRunnerWorker.java:96)
at org.testng.TestNG.runSuitesSequentially(TestNG.java:1180)
at org.testng.TestNG.runSuitesLocally(TestNG.java:1102)
at org.testng.TestNG.runSuites(TestNG.java:1032)
at org.testng.TestNG.run(TestNG.java:1000)
at org.testng.remote.AbstractRemoteTestNG.run(AbstractRemoteTestNG.java:115)
at org.testng.remote.RemoteTestNG.initAndRun(RemoteTestNG.java:251)
at org.testng.remote.RemoteTestNG.main(RemoteTestNG.java:77)
Caused by: com.sun.mail.smtp.SMTPSendFailedException: 552-5.7.0 This message was blocked because its content presents a potential
552-5.7.0 security issue. Please visit
552-5.7.0  https://support.google.com/mail/?p=BlockedMessage to review our
552 5.7.0 message content and attachment content guidelines. 4sm15696492pfn.205 - gsmtp

at com.sun.mail.smtp.SMTPTransport.issueSendCommand(SMTPTransport.java:2249)
at com.sun.mail.smtp.SMTPTransport.finishData(SMTPTransport.java:2027)
at com.sun.mail.smtp.SMTPTransport.sendMessage(SMTPTransport.java:1242)
at javax.mail.Transport.send0(Transport.java:255)
at javax.mail.Transport.send(Transport.java:124)
at com.PS.base.Base.SendMailSSLWithAttachment(Base.java:327)
... 20 more
]]>
    </error>
  </testcase> <!-- sendEmailReport -->
  <testcase name="setup" time="14.172" classname="com.PS.FinanceTest.JournalsTest">
    <error type="org.openqa.selenium.SessionNotCreatedException" message="session not created
from chrome not reachable
  (Session info: chrome=83.0.4103.97)
Build info: version: &#039;3.141.59&#039;, revision: &#039;e82be7d358&#039;, time: &#039;2018-11-14T08:25:53&#039;
System info: host: &#039;DESKTOP-FUIS2AN&#039;, ip: &#039;192.168.225.216&#039;, os.name: &#039;Windows 10&#039;, os.arch: &#039;amd64&#039;, os.version: &#039;10.0&#039;, java.version: &#039;1.8.0_66&#039;
Driver info: driver.version: ChromeDriver
remote stacktrace: Backtrace:
	Ordinal0 [0x010E9563+2725219]
	Ordinal0 [0x00FE8551+1672529]
	Ordinal0 [0x00ED0202+524802]
	Ordinal0 [0x00EC99B2+498098]
	Ordinal0 [0x00ECA09B+499867]
	Ordinal0 [0x00ECAFF5+503797]
	Ordinal0 [0x00EC6994+485780]
	Ordinal0 [0x00ED0FF0+528368]
	Ordinal0 [0x00E7D6C9+186057]
	Ordinal0 [0x00E7CA3D+182845]
	Ordinal0 [0x00E7A94B+174411]
	Ordinal0 [0x00E62528+75048]
	Ordinal0 [0x00E635A0+79264]
	Ordinal0 [0x00E63539+79161]
	Ordinal0 [0x00FFD607+1758727]
	GetHandleVerifier [0x01206546+1050150]
	GetHandleVerifier [0x01206291+1049457]
	GetHandleVerifier [0x012110D7+1094071]
	GetHandleVerifier [0x01206B46+1051686]
	Ordinal0 [0x00FF5B06+1727238]
	Ordinal0 [0x00FFEB7B+1764219]
	Ordinal0 [0x00FFECE3+1764579]
	Ordinal0 [0x01014C05+1854469]
	BaseThreadInitThunk [0x77226359+25]
	RtlGetAppContainerNamedObjectPath [0x778D7C24+228]
	RtlGetAppContainerNamedObjectPath [0x778D7BF4+180]
">
      <![CDATA[org.openqa.selenium.SessionNotCreatedException: session not created
from chrome not reachable
  (Session info: chrome=83.0.4103.97)
Build info: version: '3.141.59', revision: 'e82be7d358', time: '2018-11-14T08:25:53'
System info: host: 'DESKTOP-FUIS2AN', ip: '192.168.225.216', os.name: 'Windows 10', os.arch: 'amd64', os.version: '10.0', java.version: '1.8.0_66'
Driver info: driver.version: ChromeDriver
remote stacktrace: Backtrace:
Ordinal0 [0x010E9563+2725219]
Ordinal0 [0x00FE8551+1672529]
Ordinal0 [0x00ED0202+524802]
Ordinal0 [0x00EC99B2+498098]
Ordinal0 [0x00ECA09B+499867]
Ordinal0 [0x00ECAFF5+503797]
Ordinal0 [0x00EC6994+485780]
Ordinal0 [0x00ED0FF0+528368]
Ordinal0 [0x00E7D6C9+186057]
Ordinal0 [0x00E7CA3D+182845]
Ordinal0 [0x00E7A94B+174411]
Ordinal0 [0x00E62528+75048]
Ordinal0 [0x00E635A0+79264]
Ordinal0 [0x00E63539+79161]
Ordinal0 [0x00FFD607+1758727]
GetHandleVerifier [0x01206546+1050150]
GetHandleVerifier [0x01206291+1049457]
GetHandleVerifier [0x012110D7+1094071]
GetHandleVerifier [0x01206B46+1051686]
Ordinal0 [0x00FF5B06+1727238]
Ordinal0 [0x00FFEB7B+1764219]
Ordinal0 [0x00FFECE3+1764579]
Ordinal0 [0x01014C05+1854469]
BaseThreadInitThunk [0x77226359+25]
RtlGetAppContainerNamedObjectPath [0x778D7C24+228]
RtlGetAppContainerNamedObjectPath [0x778D7BF4+180]

at sun.reflect.NativeConstructorAccessorImpl.newInstance0(Native Method)
at sun.reflect.NativeConstructorAccessorImpl.newInstance(Unknown Source)
at sun.reflect.DelegatingConstructorAccessorImpl.newInstance(Unknown Source)
at java.lang.reflect.Constructor.newInstance(Unknown Source)
at org.openqa.selenium.remote.W3CHandshakeResponse.lambda$errorHandler$0(W3CHandshakeResponse.java:62)
at org.openqa.selenium.remote.HandshakeResponse.lambda$getResponseFunction$0(HandshakeResponse.java:30)
at org.openqa.selenium.remote.ProtocolHandshake.lambda$createSession$0(ProtocolHandshake.java:126)
at java.util.stream.ReferencePipeline$3$1.accept(Unknown Source)
at java.util.Spliterators$ArraySpliterator.tryAdvance(Unknown Source)
at java.util.stream.ReferencePipeline.forEachWithCancel(Unknown Source)
at java.util.stream.AbstractPipeline.copyIntoWithCancel(Unknown Source)
at java.util.stream.AbstractPipeline.copyInto(Unknown Source)
at java.util.stream.AbstractPipeline.wrapAndCopyInto(Unknown Source)
at java.util.stream.FindOps$FindOp.evaluateSequential(Unknown Source)
at java.util.stream.AbstractPipeline.evaluate(Unknown Source)
at java.util.stream.ReferencePipeline.findFirst(Unknown Source)
at org.openqa.selenium.remote.ProtocolHandshake.createSession(ProtocolHandshake.java:128)
at org.openqa.selenium.remote.ProtocolHandshake.createSession(ProtocolHandshake.java:74)
at org.openqa.selenium.remote.HttpCommandExecutor.execute(HttpCommandExecutor.java:136)
at org.openqa.selenium.remote.service.DriverCommandExecutor.execute(DriverCommandExecutor.java:83)
at org.openqa.selenium.remote.RemoteWebDriver.execute(RemoteWebDriver.java:552)
at org.openqa.selenium.remote.RemoteWebDriver.startSession(RemoteWebDriver.java:213)
at org.openqa.selenium.remote.RemoteWebDriver.<init>(RemoteWebDriver.java:131)
at org.openqa.selenium.chrome.ChromeDriver.<init>(ChromeDriver.java:181)
at org.openqa.selenium.chrome.ChromeDriver.<init>(ChromeDriver.java:168)
at org.openqa.selenium.chrome.ChromeDriver.<init>(ChromeDriver.java:157)
at com.PS.base.Base.driverInitilization(Base.java:132)
at com.PS.base.Base.setup(Base.java:359)
at sun.reflect.NativeMethodAccessorImpl.invoke0(Native Method)
at sun.reflect.NativeMethodAccessorImpl.invoke(Unknown Source)
at sun.reflect.DelegatingMethodAccessorImpl.invoke(Unknown Source)
at java.lang.reflect.Method.invoke(Unknown Source)
at org.testng.internal.MethodInvocationHelper.invokeMethod(MethodInvocationHelper.java:133)
at org.testng.internal.MethodInvocationHelper.invokeMethodConsideringTimeout(MethodInvocationHelper.java:62)
at org.testng.internal.ConfigInvoker.invokeConfigurationMethod(ConfigInvoker.java:340)
at org.testng.internal.ConfigInvoker.invokeConfigurations(ConfigInvoker.java:294)
at org.testng.internal.TestInvoker.runConfigMethods(TestInvoker.java:683)
at org.testng.internal.TestInvoker.invokeMethod(TestInvoker.java:510)
at org.testng.internal.TestInvoker.invokeTestMethod(TestInvoker.java:172)
at org.testng.internal.MethodRunner.runInSequence(MethodRunner.java:46)
at org.testng.internal.TestInvoker$MethodInvocationAgent.invoke(TestInvoker.java:804)
at org.testng.internal.TestInvoker.invokeTestMethods(TestInvoker.java:145)
at org.testng.internal.TestMethodWorker.invokeTestMethods(TestMethodWorker.java:146)
at org.testng.internal.TestMethodWorker.run(TestMethodWorker.java:128)
at java.util.ArrayList.forEach(Unknown Source)
at org.testng.TestRunner.privateRun(TestRunner.java:770)
at org.testng.TestRunner.run(TestRunner.java:591)
at org.testng.SuiteRunner.runTest(SuiteRunner.java:402)
at org.testng.SuiteRunner.runSequentially(SuiteRunner.java:396)
at org.testng.SuiteRunner.privateRun(SuiteRunner.java:355)
at org.testng.SuiteRunner.run(SuiteRunner.java:304)
at org.testng.SuiteRunnerWorker.runSuite(SuiteRunnerWorker.java:53)
at org.testng.SuiteRunnerWorker.run(SuiteRunnerWorker.java:96)
at org.testng.TestNG.runSuitesSequentially(TestNG.java:1180)
at org.testng.TestNG.runSuitesLocally(TestNG.java:1102)
at org.testng.TestNG.runSuites(TestNG.java:1032)
at org.testng.TestNG.run(TestNG.java:1000)
at org.testng.remote.AbstractRemoteTestNG.run(AbstractRemoteTestNG.java:115)
at org.testng.remote.RemoteTestNG.initAndRun(RemoteTestNG.java:251)
at org.testng.remote.RemoteTestNG.main(RemoteTestNG.java:77)
]]>
    </error>
  </testcase> <!-- setup -->
  <testcase name="VerificationJournal" time="0.000" classname="com.PS.FinanceTest.JournalsTest">
    <skipped/>
  </testcase> <!-- VerificationJournal -->
</testsuite> <!-- com.PS.FinanceTest.JournalsTest -->
